00:00:00.000104 main     VirtualBox XPCOM Server 6.1.14 r140239 linux.amd64 (Sep  4 2020 08:11:17) release log
00:00:00.000105 main     Log opened 2020-09-09T11:26:46.517904000Z
00:00:00.000106 main     Build Type: release
00:00:00.000108 main     OS Product: Linux
00:00:00.000108 main     OS Release: 4.19.0-10-amd64
00:00:00.000108 main     OS Version: #1 SMP Debian 4.19.132-1 (2020-07-24)
00:00:00.000121 main     DMI Product Name: B365M D2VX SI
00:00:00.000124 main     DMI Product Version: Default string
00:00:00.000129 main     Firmware type: BIOS
00:00:00.000151 main     Host RAM: 15984MB (15.6GB) total, 11167MB (10.9GB) available
00:00:00.000154 main     Executable: /usr/lib/virtualbox/VBoxSVC
00:00:00.000154 main     Process ID: 17235
00:00:00.000154 main     Package type: LINUX_64BITS_DEBIAN_10_0
00:00:00.000820 main     IPC socket path: /tmp/.vbox-allen-ipc/ipcd
00:00:00.103341 nspr-2   VirtualBox: object creation starts
00:00:00.103426 nspr-2   Home directory: '/home/allen/.config/VirtualBox'
00:00:00.103643 nspr-2   Loading settings file "/home/allen/.config/VirtualBox/VirtualBox.xml" with version "1.12-linux"
00:00:00.108886 nspr-2   NetIfAdpCtlOut: VBoxNetAdpCtl: Error while retrieving link speed for wlx70f11c3c8229: VBoxNetAdpCtl: ioctl failed: Operation not supported
00:00:00.115380 nspr-2   HostDnsMonitor: initializing
00:00:00.115955 nspr-2   NAT: resolv.conf: nameserver 222.195.2.42
00:00:00.115986 nspr-2   NAT: resolv.conf: nameserver 210.45.240.1
00:00:00.116007 nspr-2   HostDnsMonitor: updating information
00:00:00.116059 nspr-2   HostDnsMonitor: old information
00:00:00.116067 nspr-2     no server entries
00:00:00.116073 nspr-2     no domain set
00:00:00.116079 nspr-2     no search string entries
00:00:00.116084 nspr-2   HostDnsMonitor: new information
00:00:00.116089 nspr-2     server 1: 222.195.2.42
00:00:00.116096 nspr-2     server 2: 210.45.240.1
00:00:00.116101 nspr-2     no domain set
00:00:00.116106 nspr-2     no search string entries
00:00:00.121653 nspr-2   VD: VDInit finished with VINF_SUCCESS
00:00:00.123039 nspr-2   VirtualBox: object created
00:14:43.362421 nspr-3   Saving settings file "/home/allen/.config/VirtualBox/VirtualBox.xml" with version "1.12-linux"
00:14:43.371237 nspr-3   Saving settings file "/home/allen/.config/VirtualBox/VirtualBox.xml" with version "1.12-linux"
00:14:43.379574 nspr-2   Saving settings file "/home/allen/.config/VirtualBox/VirtualBox.xml" with version "1.12-linux"
00:14:43.386938 nspr-3   Saving settings file "/home/allen/.config/VirtualBox/VirtualBox.xml" with version "1.12-linux"
00:14:48.906728 main     VirtualBox: object deletion starts
00:14:48.907293 main     HostDnsMonitor: shutting down ...
00:14:48.908302 main     HostDnsMonitor: shut down
00:14:49.325028 Watcher  ERROR [COM]: aRC=E_ACCESSDENIED (0x80070005) aIID={d0a0163f-e254-4e5b-a1f2-011cf991c38d} aComponent={VirtualBoxWrap} aText={The object is not ready}, preserve=false aResultDetail=0
00:14:53.908443 main     {00007f2474017640} HostPowerServiceLinux::~HostPowerServiceLinux: RTThreadWait() for 5000 ms failed with VERR_TIMEOUT
00:14:53.908709 main     VirtualBox: object deleted
